[debug] > Exec(early(addDefaultCommands), None, None)
[debug] > Exec(addDefaultCommands, None, None)
[debug] > Exec(early(initialize), None, None)
[debug] > Exec(initialize, None, None)
[debug] > Exec(boot, None, None)
[debug] > Exec(writeSbtVersion, None, None)
[debug] > Exec(reload, None, None)
[debug] > Exec(sbtStashOnFailure, None, None)
[debug] > Exec(onFailure loadFailed, None, None)
[debug] > Exec(loadp, None, None)
[info] welcome to sbt 1.4.7 (Oracle Corporation Java 1.8.0_77)
[debug]       Load.loadUnit: plugins took 104.630595ms
[debug]       Load.loadUnit: defsScala took 0.301362ms
[debug] [Loading] Scanning directory /Users/liujianqiang/.sbt/1.0/plugins
[debug]         Load.loadUnit: mkEval took 10.486198ms
[debug] [Loading] Found non-root projects 
[debug] [Loading] Done in /Users/liujianqiang/.sbt/1.0/plugins, returning: ()
[debug] deducing auto plugins based on known facts Set(Atom(sbt.plugins.CorePlugin)) and clauses Clauses(List(Clause(Atom(sbt.plugins.JvmPlugin),Set(Atom(sbt.plugins.IvyPlugin))), Clause(Atom(sbt.ScriptedPlugin),Set(Atom(sbt.plugins.JvmPlugin))), Clause(Atom(sbt.plugins.SbtPlugin),Set(Atom(sbt.ScriptedPlugin))), Clause(Atom(sbt.plugins.SemanticdbPlugin),Set(Atom(sbt.plugins.JvmPlugin))), Clause(Atom(sbt.plugins.JUnitXmlReportPlugin),Set(Atom(sbt.plugins.JvmPlugin))), Clause(Atom(sbt.plugins.MiniDependencyTreePlugin),Set(Atom(sbt.plugins.JvmPlugin))), Clause(Atom(sbt.plugins.CorePlugin),Set(Atom(sbt.plugins.IvyPlugin))), Clause(Atom(sbt.plugins.IvyPlugin),Set(Atom(sbt.plugins.JvmPlugin))), Clause(Atom(sbt.plugins.JvmPlugin),Set(Atom(sbt.plugins.SemanticdbPlugin))), Clause(Atom(sbt.plugins.JvmPlugin),Set(Atom(sbt.plugins.JUnitXmlReportPlugin))), Clause(Atom(sbt.plugins.CorePlugin),Set(Atom(sbt.plugins.Giter8TemplatePlugin))), Clause(Atom(sbt.plugins.JvmPlugin),Set(Atom(sbt.plugins.MiniDependencyTreePlugin)))))
[debug]   :: deduced result: Matched(sbt.plugins.CorePlugin,sbt.plugins.Giter8TemplatePlugin,sbt.plugins.IvyPlugin,sbt.plugins.JvmPlugin,sbt.plugins.MiniDependencyTreePlugin,sbt.plugins.JUnitXmlReportPlugin,sbt.plugins.SemanticdbPlugin)
[debug] Plugins.deducer#function took 22.859944 ms
[info] loading settings for project global-plugins from idea.sbt ...
[debug]           Load.resolveProject(global-plugins) took 81.16992ms
[debug]         Load.loadTransitive: finalizeProject(Project(id global-plugins, base: /Users/liujianqiang/.sbt/1.0/plugins, plugins: List(<none>))) took 133.474451ms
[debug] [Loading] Done in /Users/liujianqiang/.sbt/1.0/plugins, returning: (global-plugins)
[debug]       Load.loadUnit: loadedProjectsRaw took 374.414834ms
[debug]       Load.loadUnit: cleanEvalClasses took 13.259207ms
[debug]     Load.loadUnit(file:/Users/liujianqiang/.sbt/1.0/plugins/, ...) took 502.04646ms
[debug]   Load.apply: load took 988.282809ms
[debug]   Load.apply: resolveProjects took 5.795865ms
[debug]   Load.apply: finalTransforms took 65.06011ms
[debug]   Load.apply: config.delegates took 7.57748ms
[debug]   Load.apply: Def.make(settings)... took 430.026158ms
[debug]   Load.apply: structureIndex took 100.726032ms
[debug]   Load.apply: mkStreams took 1.82518ms
[info] loading global plugins from /Users/liujianqiang/.sbt/1.0/plugins
[debug] Running task... Cancel: Signal, check cycles: false, forcegc: true
[debug] Load.defaultLoad until apply took 3293.292706ms
[debug]           Load.loadUnit: plugins took 35.533398ms
[debug]           Load.loadUnit: defsScala took 0.00381ms
[debug] [Loading] Scanning directory /Users/liujianqiang/Desktop/Dev-Proj/scala2.12.13_sbt1.4.7/project
[debug] [Loading] Found non-root projects 
[debug] [Loading] Done in /Users/liujianqiang/Desktop/Dev-Proj/scala2.12.13_sbt1.4.7/project, returning: ()
[debug] deducing auto plugins based on known facts Set(Atom(sbt.plugins.CorePlugin)) and clauses Clauses(List(Clause(Atom(sbt.plugins.JvmPlugin),Set(Atom(sbt.plugins.IvyPlugin))), Clause(Atom(sbt.ScriptedPlugin),Set(Atom(sbt.plugins.JvmPlugin))), Clause(Atom(sbt.plugins.SbtPlugin),Set(Atom(sbt.ScriptedPlugin))), Clause(Atom(sbt.plugins.SemanticdbPlugin),Set(Atom(sbt.plugins.JvmPlugin))), Clause(Atom(sbt.plugins.JUnitXmlReportPlugin),Set(Atom(sbt.plugins.JvmPlugin))), Clause(Atom(sbt.plugins.MiniDependencyTreePlugin),Set(Atom(sbt.plugins.JvmPlugin))), Clause(Atom(sbt.plugins.CorePlugin),Set(Atom(sbt.plugins.IvyPlugin))), Clause(Atom(sbt.plugins.IvyPlugin),Set(Atom(sbt.plugins.JvmPlugin))), Clause(Atom(sbt.plugins.JvmPlugin),Set(Atom(sbt.plugins.SemanticdbPlugin))), Clause(Atom(sbt.plugins.JvmPlugin),Set(Atom(sbt.plugins.JUnitXmlReportPlugin))), Clause(Atom(sbt.plugins.CorePlugin),Set(Atom(sbt.plugins.Giter8TemplatePlugin))), Clause(Atom(sbt.plugins.JvmPlugin),Set(Atom(sbt.plugins.MiniDependencyTreePlugin)))))
[debug]   :: deduced result: Matched(sbt.plugins.CorePlugin,sbt.plugins.Giter8TemplatePlugin,sbt.plugins.IvyPlugin,sbt.plugins.JvmPlugin,sbt.plugins.MiniDependencyTreePlugin,sbt.plugins.JUnitXmlReportPlugin,sbt.plugins.SemanticdbPlugin)
[debug] Plugins.deducer#function took 1.494831 ms
[debug]               Load.resolveProject(scala2-12-13_sbt1-4-7-build) took 1.242182ms
[debug]             Load.loadTransitive: finalizeProject(Project(id scala2-12-13_sbt1-4-7-build, base: /Users/liujianqiang/Desktop/Dev-Proj/scala2.12.13_sbt1.4.7/project, plugins: List(<none>))) took 3.188612ms
[debug] [Loading] Done in /Users/liujianqiang/Desktop/Dev-Proj/scala2.12.13_sbt1.4.7/project, returning: (scala2-12-13_sbt1-4-7-build)
[debug]           Load.loadUnit: loadedProjectsRaw took 4.79858ms
[debug]           Load.loadUnit: cleanEvalClasses took 0.01024ms
[debug]         Load.loadUnit(file:/Users/liujianqiang/Desktop/Dev-Proj/scala2.12.13_sbt1.4.7/project/, ...) took 40.934741ms
[debug]       Load.apply: load took 42.218805ms
[debug]       Load.apply: resolveProjects took 0.098567ms
[debug]       Load.apply: finalTransforms took 10.538836ms
[debug]       Load.apply: config.delegates took 0.240383ms
[debug]       Load.apply: Def.make(settings)... took 120.529146ms
[debug]       Load.apply: structureIndex took 38.073148ms
[debug]       Load.apply: mkStreams took 0.003644ms
[info] loading project definition from /Users/liujianqiang/Desktop/Dev-Proj/scala2.12.13_sbt1.4.7/project
[debug] Running task... Cancel: Signal, check cycles: false, forcegc: true
[debug]     Load.loadUnit: plugins took 1237.294777ms
[debug]     Load.loadUnit: defsScala took 0.003001ms
[debug] [Loading] Scanning directory /Users/liujianqiang/Desktop/Dev-Proj/scala2.12.13_sbt1.4.7
[debug]       Load.loadUnit: mkEval took 0.198601ms
[debug] [Loading] Found non-root projects 
[debug] [Loading] Done in /Users/liujianqiang/Desktop/Dev-Proj/scala2.12.13_sbt1.4.7, returning: ()
[debug] deducing auto plugins based on known facts Set(Atom(sbt.plugins.CorePlugin)) and clauses Clauses(List(Clause(Atom(sbt.plugins.JvmPlugin),Set(Atom(sbt.plugins.IvyPlugin))), Clause(Atom(sbt.ScriptedPlugin),Set(Atom(sbt.plugins.JvmPlugin))), Clause(Atom(sbt.plugins.SbtPlugin),Set(Atom(sbt.ScriptedPlugin))), Clause(Atom(sbt.plugins.SemanticdbPlugin),Set(Atom(sbt.plugins.JvmPlugin))), Clause(Atom(sbt.plugins.JUnitXmlReportPlugin),Set(Atom(sbt.plugins.JvmPlugin))), Clause(Atom(sbt.plugins.MiniDependencyTreePlugin),Set(Atom(sbt.plugins.JvmPlugin))), Clause(Atom(sbt.plugins.CorePlugin),Set(Atom(sbt.plugins.IvyPlugin))), Clause(Atom(sbt.plugins.IvyPlugin),Set(Atom(sbt.plugins.JvmPlugin))), Clause(Atom(sbt.plugins.JvmPlugin),Set(Atom(sbt.plugins.SemanticdbPlugin))), Clause(Atom(sbt.plugins.JvmPlugin),Set(Atom(sbt.plugins.JUnitXmlReportPlugin))), Clause(Atom(sbt.plugins.CorePlugin),Set(Atom(sbt.plugins.Giter8TemplatePlugin))), Clause(Atom(sbt.plugins.JvmPlugin),Set(Atom(sbt.plugins.MiniDependencyTreePlugin)))))
[debug]   :: deduced result: Matched(sbt.plugins.CorePlugin,sbt.plugins.Giter8TemplatePlugin,sbt.plugins.IvyPlugin,sbt.plugins.JvmPlugin,sbt.plugins.MiniDependencyTreePlugin,sbt.plugins.JUnitXmlReportPlugin,sbt.plugins.SemanticdbPlugin)
[debug] Plugins.deducer#function took 1.218322 ms
[info] loading settings for project scala2-12-13_sbt1-4-7 from build.sbt ...
[debug]         Load.resolveProject(scala2-12-13_sbt1-4-7) took 1.598307ms
[debug]       Load.loadTransitive: finalizeProject(Project(id scala2-12-13_sbt1-4-7, base: /Users/liujianqiang/Desktop/Dev-Proj/scala2.12.13_sbt1.4.7, plugins: List(<none>))) took 3.868524ms
[debug] [Loading] Done in /Users/liujianqiang/Desktop/Dev-Proj/scala2.12.13_sbt1.4.7, returning: (scala2-12-13_sbt1-4-7)
[debug]     Load.loadUnit: loadedProjectsRaw took 2070.866426ms
[debug]     Load.loadUnit: cleanEvalClasses took 2.032633ms
[debug]   Load.loadUnit(file:/Users/liujianqiang/Desktop/Dev-Proj/scala2.12.13_sbt1.4.7/, ...) took 3310.832239ms
[debug] Load.apply: load took 3312.075043ms
[debug] Load.apply: resolveProjects took 0.073161ms
[debug] Load.apply: finalTransforms took 9.376594ms
[debug] Load.apply: config.delegates took 0.511863ms
[debug] Load.apply: Def.make(settings)... took 60.943845ms
[debug] Load.apply: structureIndex took 24.465067ms
[debug] Load.apply: mkStreams took 0.004112ms
[info] set current project to scala2.12.13_sbt1.4.7 (in build file:/Users/liujianqiang/Desktop/Dev-Proj/scala2.12.13_sbt1.4.7/)
[debug] > Exec(sbtPopOnFailure, None, None)
[debug] > Exec(resumeFromFailure, None, None)
[debug] > Exec(notifyUsersAboutShell, None, None)
[debug] > Exec(iflast shell, None, None)
[debug] > Exec(shell, None, None)
[info] sbt server started at local:///Users/liujianqiang/.sbt/1.0/server/0423baf00160ccae4360/sock
[info] started sbt server
